#
# There is insufficient memory for the Java Runtime Environment to continue.
# Native memory allocation (malloc) failed to allocate 2302272 bytes. Error detail: Chunk::new
# Possible reasons:
#   The system is out of physical RAM or swap space
#   This process is running with CompressedOops enabled, and the Java Heap may be blocking the growth of the native heap
# Possible solutions:
#   Reduce memory load on the system
#   Increase physical memory or swap space
#   Check if swap backing store is full
#   Decrease Java heap size (-Xmx/-Xms)
#   Decrease number of Java threads
#   Decrease Java thread stack sizes (-Xss)
#   Set larger code cache with -XX:ReservedCodeCacheSize=
#   JVM is running with Unscaled Compressed Oops mode in which the Java heap is
#     placed in the first 4GB address space. The Java Heap base address is the
#     maximum limit for the native heap growth. Please use -XX:HeapBaseMinAddress
#     to set the Java Heap base and to place the Java Heap above 4GB virtual address.
# This output file may be truncated or incomplete.
#
#  Out of Memory Error (arena.cpp:168), pid=21012, tid=16800
#
# JRE version: OpenJDK Runtime Environment Temurin-21.0.6+7 (21.0.6+7) (build 21.0.6+7-LTS)
# Java VM: OpenJDK 64-Bit Server VM Temurin-21.0.6+7 (21.0.6+7-LTS, mixed mode, sharing, tiered, compressed oops, compressed class ptrs, parallel gc, windows-amd64)
# No core dump will be written. Minidumps are not enabled by default on client versions of Windows
#

---------------  S U M M A R Y ------------

Command Line: --add-modules=ALL-SYSTEM --add-opens=java.base/java.util=ALL-UNNAMED --add-opens=java.base/java.lang=ALL-UNNAMED --add-opens=java.base/sun.nio.fs=ALL-UNNAMED -Declipse.application=org.eclipse.jdt.ls.core.id1 -Dosgi.bundles.defaultStartLevel=4 -Declipse.product=org.eclipse.jdt.ls.core.product -Djava.import.generatesMetadataFilesAtProjectRoot=false -DDetectVMInstallationsJob.disabled=true -Dfile.encoding=utf8 -XX:+UseParallelGC -XX:GCTimeRatio=4 -XX:AdaptiveSizePolicyWeight=90 -Dsun.zip.disableMemoryMapping=true -Xmx1G -Xms100m -Xlog:disable -javaagent:c:\Users\DELL\.cursor\extensions\redhat.java-1.41.0-win32-x64\lombok\lombok-1.18.36.jar -XX:+HeapDumpOnOutOfMemoryError -XX:HeapDumpPath=c:\Users\DELL\AppData\Roaming\Cursor\User\workspaceStorage\0f56a0e628d18867a85e71b901bcd1b8\redhat.java -Daether.dependencyCollector.impl=bf c:\Users\DELL\.cursor\extensions\redhat.java-1.41.0-win32-x64\server\plugins\org.eclipse.equinox.launcher_1.6.1100.v20250306-0509.jar -configuration c:\Users\DELL\AppData\Roaming\Cursor\User\globalStorage\redhat.java\1.41.0\config_win -data c:\Users\DELL\AppData\Roaming\Cursor\User\workspaceStorage\0f56a0e628d18867a85e71b901bcd1b8\redhat.java\jdt_ws --pipe=\\.\pipe\lsp-da19c3434d186707a05ccdc503dc015f-sock

Host: Intel(R) Core(TM) i5-6440HQ CPU @ 2.60GHz, 4 cores, 15G,  Windows 10 , 64 bit Build 19041 (10.0.19041.5198)
Time: Wed Apr  2 00:13:14 2025 SE Asia Standard Time elapsed time: 101.288928 seconds (0d 0h 1m 41s)

---------------  T H R E A D  ---------------

Current thread (0x000002557ab41d90):  JavaThread "C2 CompilerThread0" daemon [_thread_in_native, id=16800, stack(0x0000008c44a00000,0x0000008c44b00000) (1024K)]


Current CompileTask:
C2:101289 10368 % !   4       org.eclipse.jdt.internal.core.search.indexing.BinaryIndexer::indexDocument @ 595 (1204 bytes)

Stack: [0x0000008c44a00000,0x0000008c44b00000]
Native frames: (J=compiled Java code, j=interpreted, Vv=VM code, C=native code)
V  [jvm.dll+0x6cdee9]
V  [jvm.dll+0x8a83d1]
V  [jvm.dll+0x8aa8fe]
V  [jvm.dll+0x8aafe3]
V  [jvm.dll+0x27f706]
V  [jvm.dll+0xc500d]
V  [jvm.dll+0xc5543]
V  [jvm.dll+0x3b678c]
V  [jvm.dll+0x1e0009]
V  [jvm.dll+0x247b42]
V  [jvm.dll+0x246fcf]
V  [jvm.dll+0x1c75ee]
V  [jvm.dll+0x25685a]
V  [jvm.dll+0x254dfa]
V  [jvm.dll+0x3f0256]
V  [jvm.dll+0x851f8b]
V  [jvm.dll+0x6cc5ed]
C  [ucrtbase.dll+0x21bb2]
C  [KERNEL32.DLL+0x17374]
C  [ntdll.dll+0x4cc91]


---------------  P R O C E S S  ---------------

Threads class SMR info:
_java_thread_list=0x0000025558275d10, length=44, elements={
0x0000025575813140, 0x000002557ab360e0, 0x000002557ab37830, 0x000002557ab3b5a0,
0x000002557ab3e540, 0x000002557ab40100, 0x000002557ab40b50, 0x000002557ab41d90,
0x000002557abb1610, 0x000002557abfe610, 0x0000025554278dc0, 0x0000025554a73300,
0x0000025554263690, 0x000002555425c810, 0x000002555425ce70, 0x00000255543768e0,
0x00000255542ba230, 0x00000255548a4a20, 0x00000255548a4390, 0x00000255548a6af0,
0x00000255548a5740, 0x00000255548a7810, 0x00000255548a6460, 0x00000255548a5dd0,
0x00000255548a50b0, 0x0000025555564ee0, 0x00000255555641c0, 0x0000025555565570,
0x000002555556b150, 0x000002555556b7e0, 0x0000025555564850, 0x0000025555567cd0,
0x0000025555569da0, 0x0000025555566290, 0x0000025555566920, 0x0000025555566fb0,
0x0000025555567640, 0x00000255555689f0, 0x0000025555568360, 0x0000025555569080,
0x0000025555569710, 0x00000255561f0970, 0x00000255561f1000, 0x00000255561f30d0
}

Java Threads: ( => current thread )
  0x0000025575813140 JavaThread "main"                              [_thread_blocked, id=2448, stack(0x0000008c44000000,0x0000008c44100000) (1024K)]
  0x000002557ab360e0 JavaThread "Reference Handler"          daemon [_thread_blocked, id=21748, stack(0x0000008c44400000,0x0000008c44500000) (1024K)]
  0x000002557ab37830 JavaThread "Finalizer"                  daemon [_thread_blocked, id=8232, stack(0x0000008c44500000,0x0000008c44600000) (1024K)]
  0x000002557ab3b5a0 JavaThread "Signal Dispatcher"          daemon [_thread_blocked, id=19332, stack(0x0000008c44600000,0x0000008c44700000) (1024K)]
  0x000002557ab3e540 JavaThread "Attach Listener"            daemon [_thread_blocked, id=19844, stack(0x0000008c44700000,0x0000008c44800000) (1024K)]
  0x000002557ab40100 JavaThread "Service Thread"             daemon [_thread_blocked, id=19856, stack(0x0000008c44800000,0x0000008c44900000) (1024K)]
  0x000002557ab40b50 JavaThread "Monitor Deflation Thread"   daemon [_thread_blocked, id=23112, stack(0x0000008c44900000,0x0000008c44a00000) (1024K)]
=>0x000002557ab41d90 JavaThread "C2 CompilerThread0"         daemon [_thread_in_native, id=16800, stack(0x0000008c44a00000,0x0000008c44b00000) (1024K)]
  0x000002557abb1610 JavaThread "C1 CompilerThread0"         daemon [_thread_blocked, id=18000, stack(0x0000008c44b00000,0x0000008c44c00000) (1024K)]
  0x000002557abfe610 JavaThread "Common-Cleaner"             daemon [_thread_blocked, id=15580, stack(0x0000008c44c00000,0x0000008c44d00000) (1024K)]
  0x0000025554278dc0 JavaThread "Notification Thread"        daemon [_thread_blocked, id=19136, stack(0x0000008c44d00000,0x0000008c44e00000) (1024K)]
  0x0000025554a73300 JavaThread "Active Thread: Equinox Container: 9e2f4118-ad84-4e11-8ae0-0af84140dc5c"        [_thread_blocked, id=18572, stack(0x0000008c45100000,0x0000008c45200000) (1024K)]
  0x0000025554263690 JavaThread "Refresh Thread: Equinox Container: 9e2f4118-ad84-4e11-8ae0-0af84140dc5c" daemon [_thread_blocked, id=11992, stack(0x0000008c45200000,0x0000008c45300000) (1024K)]
  0x000002555425c810 JavaThread "Framework Event Dispatcher: Equinox Container: 9e2f4118-ad84-4e11-8ae0-0af84140dc5c" daemon [_thread_blocked, id=20948, stack(0x0000008c45300000,0x0000008c45400000) (1024K)]
  0x000002555425ce70 JavaThread "Start Level: Equinox Container: 9e2f4118-ad84-4e11-8ae0-0af84140dc5c" daemon [_thread_blocked, id=20436, stack(0x0000008c45400000,0x0000008c45500000) (1024K)]
  0x00000255543768e0 JavaThread "Bundle File Closer"         daemon [_thread_blocked, id=21956, stack(0x0000008c45500000,0x0000008c45600000) (1024K)]
  0x00000255542ba230 JavaThread "SCR Component Actor"        daemon [_thread_blocked, id=6112, stack(0x0000008c45600000,0x0000008c45700000) (1024K)]
  0x00000255548a4a20 JavaThread "Worker-JM"                         [_thread_blocked, id=22080, stack(0x0000008c45800000,0x0000008c45900000) (1024K)]
  0x00000255548a4390 JavaThread "JNA Cleaner"                daemon [_thread_blocked, id=4084, stack(0x0000008c45900000,0x0000008c45a00000) (1024K)]
  0x00000255548a6af0 JavaThread "Worker-0"                          [_thread_blocked, id=10228, stack(0x0000008c45a00000,0x0000008c45b00000) (1024K)]
  0x00000255548a5740 JavaThread "Worker-1"                          [_thread_blocked, id=18072, stack(0x0000008c45b00000,0x0000008c45c00000) (1024K)]
  0x00000255548a7810 JavaThread "Worker-2"                          [_thread_blocked, id=13044, stack(0x0000008c45c00000,0x0000008c45d00000) (1024K)]
  0x00000255548a6460 JavaThread "Java indexing"              daemon [_thread_blocked, id=22180, stack(0x0000008c45d00000,0x0000008c45e00000) (1024K)]
  0x00000255548a5dd0 JavaThread "Worker-3: Building"                [_thread_blocked, id=20764, stack(0x0000008c45e00000,0x0000008c45f00000) (1024K)]
  0x00000255548a50b0 JavaThread "Worker-4"                          [_thread_blocked, id=22152, stack(0x0000008c45700000,0x0000008c45800000) (1024K)]
  0x0000025555564ee0 JavaThread "Worker-5"                          [_thread_blocked, id=4252, stack(0x0000008c46100000,0x0000008c46200000) (1024K)]
  0x00000255555641c0 JavaThread "Worker-6: Java indexing... "        [_thread_blocked, id=23192, stack(0x0000008c46200000,0x0000008c46300000) (1024K)]
  0x0000025555565570 JavaThread "Thread-2"                   daemon [_thread_in_native, id=19104, stack(0x0000008c46300000,0x0000008c46400000) (1024K)]
  0x000002555556b150 JavaThread "Thread-3"                   daemon [_thread_in_native, id=17620, stack(0x0000008c46400000,0x0000008c46500000) (1024K)]
  0x000002555556b7e0 JavaThread "Thread-4"                   daemon [_thread_in_native, id=22672, stack(0x0000008c46500000,0x0000008c46600000) (1024K)]
  0x0000025555564850 JavaThread "Thread-5"                   daemon [_thread_in_native, id=22508, stack(0x0000008c46600000,0x0000008c46700000) (1024K)]
  0x0000025555567cd0 JavaThread "Thread-6"                   daemon [_thread_in_native, id=13020, stack(0x0000008c46700000,0x0000008c46800000) (1024K)]
  0x0000025555569da0 JavaThread "pool-2-thread-1"                   [_thread_blocked, id=11948, stack(0x0000008c46800000,0x0000008c46900000) (1024K)]
  0x0000025555566290 JavaThread "WorkspaceEventsHandler"            [_thread_blocked, id=18840, stack(0x0000008c46900000,0x0000008c46a00000) (1024K)]
  0x0000025555566920 JavaThread "pool-1-thread-1"                   [_thread_blocked, id=16512, stack(0x0000008c46a00000,0x0000008c46b00000) (1024K)]
  0x0000025555566fb0 JavaThread "LocalFile Deleter"          daemon [_thread_blocked, id=22096, stack(0x0000008c46b00000,0x0000008c46c00000) (1024K)]
  0x0000025555567640 JavaThread "LocalFile Deleter"          daemon [_thread_blocked, id=10588, stack(0x0000008c46c00000,0x0000008c46d00000) (1024K)]
  0x00000255555689f0 JavaThread "LocalFile Deleter"          daemon [_thread_blocked, id=23096, stack(0x0000008c46d00000,0x0000008c46e00000) (1024K)]
  0x0000025555568360 JavaThread "LocalFile Deleter"          daemon [_thread_blocked, id=12616, stack(0x0000008c46e00000,0x0000008c46f00000) (1024K)]
  0x0000025555569080 JavaThread "Compiler Source File Reader" daemon [_thread_blocked, id=14248, stack(0x0000008c46f00000,0x0000008c47000000) (1024K)]
  0x0000025555569710 JavaThread "Compiler Source File Reader" daemon [_thread_blocked, id=6940, stack(0x0000008c47000000,0x0000008c47100000) (1024K)]
  0x00000255561f0970 JavaThread "Compiler Processing Task"   daemon [_thread_blocked, id=23208, stack(0x0000008c47100000,0x0000008c47200000) (1024K)]
  0x00000255561f1000 JavaThread "Compiler Class File Writer" daemon [_thread_blocked, id=15320, stack(0x0000008c47200000,0x0000008c47300000) (1024K)]
  0x00000255561f30d0 JavaThread "Compiler Class File Writer" daemon [_thread_blocked, id=2960, stack(0x0000008c47300000,0x0000008c47400000) (1024K)]
Total: 44

Other Threads:
  0x000002557ab1dd80 VMThread "VM Thread"                           [id=21980, stack(0x0000008c44300000,0x0000008c44400000) (1024K)]
  0x0000025575876270 WatcherThread "VM Periodic Task Thread"        [id=18372, stack(0x0000008c44200000,0x0000008c44300000) (1024K)]
  0x00000255758288b0 WorkerThread "GC Thread#0"                     [id=6452, stack(0x0000008c44100000,0x0000008c44200000) (1024K)]
  0x0000025554738880 WorkerThread "GC Thread#1"                     [id=22048, stack(0x0000008c44e00000,0x0000008c44f00000) (1024K)]
  0x0000025554738c20 WorkerThread "GC Thread#2"                     [id=20648, stack(0x0000008c44f00000,0x0000008c45000000) (1024K)]
  0x000002555457c3e0 WorkerThread "GC Thread#3"                     [id=21684, stack(0x0000008c45000000,0x0000008c45100000) (1024K)]
Total: 6

Threads with active compile tasks:
C2 CompilerThread0  101331 10368 % !   4       org.eclipse.jdt.internal.core.search.indexing.BinaryIndexer::indexDocument @ 595 (1204 bytes)
Total: 1

VM state: at safepoint (normal execution)

VM Mutex/Monitor currently owned by a thread:  ([mutex/lock_event])
[0x00007ffa9fede380] Threads_lock - owner thread: 0x000002557ab1dd80
[0x00007ffa9fede480] Heap_lock - owner thread: 0x00000255548a6460

Heap address: 0x00000000c0000000, size: 1024 MB, Compressed Oops mode: 32-bit

CDS archive(s) mapped at: [0x000002550f000000-0x000002550fba0000-0x000002550fba0000), size 12189696, SharedBaseAddress: 0x000002550f000000, ArchiveRelocationMode: 1.
Compressed class space mapped at: 0x0000025510000000-0x0000025550000000, reserved size: 1073741824
Narrow klass base: 0x000002550f000000, Narrow klass shift: 0, Narrow klass range: 0x100000000

GC Precious Log:
 CardTable entry size: 512
 CPUs: 4 total, 4 available
 Memory: 16275M
 Large Page Support: Disabled
 NUMA Support: Disabled
 Compressed Oops: Enabled (32-bit)
 Alignments: Space 512K, Generation 512K, Heap 2M
 Heap Min Capacity: 100M
 Heap Initial Capacity: 100M
 Heap Max Capacity: 1G
 Pre-touch: Disabled
 Parallel Workers: 4

Heap:
 PSYoungGen      total 6144K, used 6128K [0x00000000eab00000, 0x00000000eb300000, 0x0000000100000000)
  eden space 5120K, 100% used [0x00000000eab00000,0x00000000eb000000,0x00000000eb000000)
  from space 1024K, 98% used [0x00000000eb000000,0x00000000eb0fc298,0x00000000eb100000)
  to   space 1536K, 99% used [0x00000000eb180000,0x00000000eb2fc628,0x00000000eb300000)
 ParOldGen       total 81408K, used 81106K [0x00000000c0000000, 0x00000000c4f80000, 0x00000000eab00000)
  object space 81408K, 99% used [0x00000000c0000000,0x00000000c4f348d8,0x00000000c4f80000)
 Metaspace       used 58718K, committed 60096K, reserved 1114112K
  class space    used 6005K, committed 6592K, reserved 1048576K

Card table byte_map: [0x00000255751b0000,0x00000255753c0000] _byte_map_base: 0x0000025574bb0000

Marking Bits: (ParMarkBitMap*) 0x00007ffa9fee3260
 Begin Bits: [0x0000025578a00000, 0x0000025579a00000)
 End Bits:   [0x0000025579a00000, 0x000002557aa00000)

Polling page: 0x0000025573460000

Metaspace:

Usage:
  Non-class:     51.48 MB used.
      Class:      5.87 MB used.
       Both:     57.34 MB used.

Virtual space:
  Non-class space:       64.00 MB reserved,      52.25 MB ( 82%) committed,  1 nodes.
      Class space:        1.00 GB reserved,       6.44 MB ( <1%) committed,  1 nodes.
             Both:        1.06 GB reserved,      58.69 MB (  5%) committed. 

Chunk freelists:
   Non-Class:  11.33 MB
       Class:  9.59 MB
        Both:  20.92 MB

MaxMetaspaceSize: unlimited
CompressedClassSpaceSize: 1.00 GB
Initial GC threshold: 21.00 MB
Current GC threshold: 97.31 MB
CDS: on
 - commit_granule_bytes: 65536.
 - commit_granule_words: 8192.
 - virtual_space_node_default_size: 8388608.
 - enlarge_chunks_in_place: 1.
 - use_allocation_guard: 0.


Internal statistics:

num_allocs_failed_limit: 9.
num_arena_births: 1120.
num_arena_deaths: 16.
num_vsnodes_births: 2.
num_vsnodes_deaths: 0.
num_space_committed: 939.
num_space_uncommitted: 0.
num_chunks_returned_to_freelist: 26.
num_chunks_taken_from_freelist: 3836.
num_chunk_merges: 12.
num_chunk_splits: 2395.
num_chunks_enlarged: 1333.
num_inconsistent_stats: 0.

CodeHeap 'non-profiled nmethods': size=120000Kb used=4563Kb max_used=5224Kb free=115436Kb
 bounds [0x0000025507ad0000, 0x0000025507ff0000, 0x000002550f000000]
CodeHeap 'profiled nmethods': size=120000Kb used=17569Kb max_used=20900Kb free=102430Kb
 bounds [0x0000025500000000, 0x0000025501470000, 0x0000025507530000]
CodeHeap 'non-nmethods': size=5760Kb used=1412Kb max_used=1498Kb free=4347Kb
 bounds [0x0000025507530000, 0x00000255077a0000, 0x0000025507ad0000]
 total_blobs=9324 nmethods=8599 adapters=631
 compilation: enabled
              stopped_count=0, restarted_count=0
 full_count=0

Compilation events (20 events):
Event: 101.125 Thread 0x000002557abb1610 10520       3       org.codehaus.plexus.util.xml.pull.MXParser::findFragment (86 bytes)
Event: 101.125 Thread 0x000002557abb1610 nmethod 10520 0x0000025501464f10 code [0x00000255014650e0, 0x0000025501465448]
Event: 101.125 Thread 0x000002557abb1610 10521   !   3       org.apache.maven.model.FileSet::clone (51 bytes)
Event: 101.126 Thread 0x000002557abb1610 nmethod 10521 0x0000025501465590 code [0x0000025501465820, 0x0000025501466210]
Event: 101.126 Thread 0x000002557abb1610 10522   !   3       org.codehaus.plexus.interpolation.RegexBasedInterpolator::interpolate (216 bytes)
Event: 101.127 Thread 0x000002557abb1610 nmethod 10522 0x0000025501466610 code [0x0000025501466a20, 0x00000255014682e0]
Event: 101.131 Thread 0x000002557abb1610 10524       1       org.apache.maven.model.building.DefaultModelBuildingRequest::isLocationTracking (5 bytes)
Event: 101.131 Thread 0x000002557abb1610 nmethod 10524 0x0000025507fe9c90 code [0x0000025507fe9e20, 0x0000025507fe9ef0]
Event: 101.133 Thread 0x000002557abb1610 10525       2       org.codehaus.plexus.util.xml.pull.MXParser::requireInput (104 bytes)
Event: 101.134 Thread 0x000002557abb1610 nmethod 10525 0x0000025501468c90 code [0x0000025501468f00, 0x00000255014694f0]
Event: 101.136 Thread 0x000002557abb1610 10526   !   2       sun.nio.cs.StreamDecoder::inReady (36 bytes)
Event: 101.136 Thread 0x000002557abb1610 nmethod 10526 0x0000025501469890 code [0x0000025501469a40, 0x0000025501469c38]
Event: 101.146 Thread 0x000002557abb1610 10527       2       org.apache.maven.model.building.DefaultModelBuilder$$Lambda/0x0000025510658c00::<init> (20 bytes)
Event: 101.146 Thread 0x000002557abb1610 nmethod 10527 0x0000025501469d10 code [0x0000025501469ea0, 0x0000025501469fe8]
Event: 101.146 Thread 0x000002557abb1610 10528       2       org.apache.maven.model.building.DefaultModelBuilder$$Lambda/0x0000025510659058::<init> (20 bytes)
Event: 101.146 Thread 0x000002557abb1610 nmethod 10528 0x000002550146a090 code [0x000002550146a220, 0x000002550146a368]
Event: 101.146 Thread 0x000002557abb1610 10529       2       org.apache.maven.model.building.DefaultModelBuilder$$Lambda/0x0000025510659908::<init> (26 bytes)
Event: 101.146 Thread 0x000002557abb1610 nmethod 10529 0x000002550146a410 code [0x000002550146a5a0, 0x000002550146a6f8]
Event: 101.147 Thread 0x000002557abb1610 10530       1       org.apache.maven.model.PluginConfiguration::setPluginManagement (6 bytes)
Event: 101.147 Thread 0x000002557abb1610 nmethod 10530 0x0000025507fe9f90 code [0x0000025507fea120, 0x0000025507fea200]

GC Heap History (20 events):
Event: 100.805 GC heap after
{Heap after GC invocations=66 (full 3):
 PSYoungGen      total 6656K, used 1186K [0x00000000eab00000, 0x00000000eb300000, 0x0000000100000000)
  eden space 5120K, 0% used [0x00000000eab00000,0x00000000eab00000,0x00000000eb000000)
  from space 1536K, 77% used [0x00000000eb000000,0x00000000eb128ab0,0x00000000eb180000)
  to   space 1536K, 0% used [0x00000000eb180000,0x00000000eb180000,0x00000000eb300000)
 ParOldGen       total 78848K, used 72476K [0x00000000c0000000, 0x00000000c4d00000, 0x00000000eab00000)
  object space 78848K, 91% used [0x00000000c0000000,0x00000000c46c72d8,0x00000000c4d00000)
 Metaspace       used 58558K, committed 59904K, reserved 1114112K
  class space    used 6004K, committed 6592K, reserved 1048576K
}
Event: 100.833 GC heap before
{Heap before GC invocations=67 (full 3):
 PSYoungGen      total 6656K, used 6306K [0x00000000eab00000, 0x00000000eb300000, 0x0000000100000000)
  eden space 5120K, 100% used [0x00000000eab00000,0x00000000eb000000,0x00000000eb000000)
  from space 1536K, 77% used [0x00000000eb000000,0x00000000eb128ab0,0x00000000eb180000)
  to   space 1536K, 0% used [0x00000000eb180000,0x00000000eb180000,0x00000000eb300000)
 ParOldGen       total 78848K, used 72476K [0x00000000c0000000, 0x00000000c4d00000, 0x00000000eab00000)
  object space 78848K, 91% used [0x00000000c0000000,0x00000000c46c72d8,0x00000000c4d00000)
 Metaspace       used 58567K, committed 59904K, reserved 1114112K
  class space    used 6004K, committed 6592K, reserved 1048576K
}
Event: 100.835 GC heap after
{Heap after GC invocations=67 (full 3):
 PSYoungGen      total 6656K, used 1167K [0x00000000eab00000, 0x00000000eb300000, 0x0000000100000000)
  eden space 5120K, 0% used [0x00000000eab00000,0x00000000eab00000,0x00000000eb000000)
  from space 1536K, 76% used [0x00000000eb180000,0x00000000eb2a3dd0,0x00000000eb300000)
  to   space 1536K, 0% used [0x00000000eb000000,0x00000000eb000000,0x00000000eb180000)
 ParOldGen       total 78848K, used 73599K [0x00000000c0000000, 0x00000000c4d00000, 0x00000000eab00000)
  object space 78848K, 93% used [0x00000000c0000000,0x00000000c47dfe40,0x00000000c4d00000)
 Metaspace       used 58567K, committed 59904K, reserved 1114112K
  class space    used 6004K, committed 6592K, reserved 1048576K
}
Event: 100.861 GC heap before
{Heap before GC invocations=68 (full 3):
 PSYoungGen      total 6656K, used 6287K [0x00000000eab00000, 0x00000000eb300000, 0x0000000100000000)
  eden space 5120K, 100% used [0x00000000eab00000,0x00000000eb000000,0x00000000eb000000)
  from space 1536K, 76% used [0x00000000eb180000,0x00000000eb2a3dd0,0x00000000eb300000)
  to   space 1536K, 0% used [0x00000000eb000000,0x00000000eb000000,0x00000000eb180000)
 ParOldGen       total 78848K, used 73599K [0x00000000c0000000, 0x00000000c4d00000, 0x00000000eab00000)
  object space 78848K, 93% used [0x00000000c0000000,0x00000000c47dfe40,0x00000000c4d00000)
 Metaspace       used 58567K, committed 59904K, reserved 1114112K
  class space    used 6004K, committed 6592K, reserved 1048576K
}
Event: 100.863 GC heap after
{Heap after GC invocations=68 (full 3):
 PSYoungGen      total 6656K, used 1107K [0x00000000eab00000, 0x00000000eb300000, 0x0000000100000000)
  eden space 5120K, 0% used [0x00000000eab00000,0x00000000eab00000,0x00000000eb000000)
  from space 1536K, 72% used [0x00000000eb000000,0x00000000eb114db0,0x00000000eb180000)
  to   space 1536K, 0% used [0x00000000eb180000,0x00000000eb180000,0x00000000eb300000)
 ParOldGen       total 78848K, used 74695K [0x00000000c0000000, 0x00000000c4d00000, 0x00000000eab00000)
  object space 78848K, 94% used [0x00000000c0000000,0x00000000c48f1f30,0x00000000c4d00000)
 Metaspace       used 58567K, committed 59904K, reserved 1114112K
  class space    used 6004K, committed 6592K, reserved 1048576K
}
Event: 100.885 GC heap before
{Heap before GC invocations=69 (full 3):
 PSYoungGen      total 6656K, used 6227K [0x00000000eab00000, 0x00000000eb300000, 0x0000000100000000)
  eden space 5120K, 100% used [0x00000000eab00000,0x00000000eb000000,0x00000000eb000000)
  from space 1536K, 72% used [0x00000000eb000000,0x00000000eb114db0,0x00000000eb180000)
  to   space 1536K, 0% used [0x00000000eb180000,0x00000000eb180000,0x00000000eb300000)
 ParOldGen       total 78848K, used 74695K [0x00000000c0000000, 0x00000000c4d00000, 0x00000000eab00000)
  object space 78848K, 94% used [0x00000000c0000000,0x00000000c48f1f30,0x00000000c4d00000)
 Metaspace       used 58570K, committed 59904K, reserved 1114112K
  class space    used 6004K, committed 6592K, reserved 1048576K
}
Event: 100.886 GC heap after
{Heap after GC invocations=69 (full 3):
 PSYoungGen      total 6656K, used 1312K [0x00000000eab00000, 0x00000000eb300000, 0x0000000100000000)
  eden space 5120K, 0% used [0x00000000eab00000,0x00000000eab00000,0x00000000eb000000)
  from space 1536K, 85% used [0x00000000eb180000,0x00000000eb2c8108,0x00000000eb300000)
  to   space 1536K, 0% used [0x00000000eb000000,0x00000000eb000000,0x00000000eb180000)
 ParOldGen       total 78848K, used 75784K [0x00000000c0000000, 0x00000000c4d00000, 0x00000000eab00000)
  object space 78848K, 96% used [0x00000000c0000000,0x00000000c4a02338,0x00000000c4d00000)
 Metaspace       used 58570K, committed 59904K, reserved 1114112K
  class space    used 6004K, committed 6592K, reserved 1048576K
}
Event: 100.937 GC heap before
{Heap before GC invocations=70 (full 3):
 PSYoungGen      total 6656K, used 6432K [0x00000000eab00000, 0x00000000eb300000, 0x0000000100000000)
  eden space 5120K, 100% used [0x00000000eab00000,0x00000000eb000000,0x00000000eb000000)
  from space 1536K, 85% used [0x00000000eb180000,0x00000000eb2c8108,0x00000000eb300000)
  to   space 1536K, 0% used [0x00000000eb000000,0x00000000eb000000,0x00000000eb180000)
 ParOldGen       total 78848K, used 75784K [0x00000000c0000000, 0x00000000c4d00000, 0x00000000eab00000)
  object space 78848K, 96% used [0x00000000c0000000,0x00000000c4a02338,0x00000000c4d00000)
 Metaspace       used 58571K, committed 59904K, reserved 1114112K
  class space    used 6004K, committed 6592K, reserved 1048576K
}
Event: 100.938 GC heap after
{Heap after GC invocations=70 (full 3):
 PSYoungGen      total 6656K, used 1205K [0x00000000eab00000, 0x00000000eb300000, 0x0000000100000000)
  eden space 5120K, 0% used [0x00000000eab00000,0x00000000eab00000,0x00000000eb000000)
  from space 1536K, 78% used [0x00000000eb000000,0x00000000eb12d5a0,0x00000000eb180000)
  to   space 1536K, 0% used [0x00000000eb180000,0x00000000eb180000,0x00000000eb300000)
 ParOldGen       total 78848K, used 77038K [0x00000000c0000000, 0x00000000c4d00000, 0x00000000eab00000)
  object space 78848K, 97% used [0x00000000c0000000,0x00000000c4b3b958,0x00000000c4d00000)
 Metaspace       used 58571K, committed 59904K, reserved 1114112K
  class space    used 6004K, committed 6592K, reserved 1048576K
}
Event: 100.986 GC heap before
{Heap before GC invocations=71 (full 3):
 PSYoungGen      total 6656K, used 6324K [0x00000000eab00000, 0x00000000eb300000, 0x0000000100000000)
  eden space 5120K, 99% used [0x00000000eab00000,0x00000000eafffbe0,0x00000000eb000000)
  from space 1536K, 78% used [0x00000000eb000000,0x00000000eb12d5a0,0x00000000eb180000)
  to   space 1536K, 0% used [0x00000000eb180000,0x00000000eb180000,0x00000000eb300000)
 ParOldGen       total 78848K, used 77038K [0x00000000c0000000, 0x00000000c4d00000, 0x00000000eab00000)
  object space 78848K, 97% used [0x00000000c0000000,0x00000000c4b3b958,0x00000000c4d00000)
 Metaspace       used 58599K, committed 59968K, reserved 1114112K
  class space    used 6005K, committed 6592K, reserved 1048576K
}
Event: 100.988 GC heap after
{Heap after GC invocations=71 (full 3):
 PSYoungGen      total 6656K, used 1106K [0x00000000eab00000, 0x00000000eb300000, 0x0000000100000000)
  eden space 5120K, 0% used [0x00000000eab00000,0x00000000eab00000,0x00000000eb000000)
  from space 1536K, 72% used [0x00000000eb180000,0x00000000eb294958,0x00000000eb300000)
  to   space 1536K, 0% used [0x00000000eb000000,0x00000000eb000000,0x00000000eb180000)
 ParOldGen       total 78848K, used 78131K [0x00000000c0000000, 0x00000000c4d00000, 0x00000000eab00000)
  object space 78848K, 99% used [0x00000000c0000000,0x00000000c4c4cd00,0x00000000c4d00000)
 Metaspace       used 58599K, committed 59968K, reserved 1114112K
  class space    used 6005K, committed 6592K, reserved 1048576K
}
Event: 101.054 GC heap before
{Heap before GC invocations=72 (full 3):
 PSYoungGen      total 6656K, used 6226K [0x00000000eab00000, 0x00000000eb300000, 0x0000000100000000)
  eden space 5120K, 100% used [0x00000000eab00000,0x00000000eb000000,0x00000000eb000000)
  from space 1536K, 72% used [0x00000000eb180000,0x00000000eb294958,0x00000000eb300000)
  to   space 1536K, 0% used [0x00000000eb000000,0x00000000eb000000,0x00000000eb180000)
 ParOldGen       total 78848K, used 78131K [0x00000000c0000000, 0x00000000c4d00000, 0x00000000eab00000)
  object space 78848K, 99% used [0x00000000c0000000,0x00000000c4c4cd00,0x00000000c4d00000)
 Metaspace       used 58635K, committed 60032K, reserved 1114112K
  class space    used 6005K, committed 6592K, reserved 1048576K
}
Event: 101.056 GC heap after
{Heap after GC invocations=72 (full 3):
 PSYoungGen      total 5632K, used 464K [0x00000000eab00000, 0x00000000eb200000, 0x0000000100000000)
  eden space 5120K, 0% used [0x00000000eab00000,0x00000000eab00000,0x00000000eb000000)
  from space 512K, 90% used [0x00000000eb000000,0x00000000eb074010,0x00000000eb080000)
  to   space 1024K, 0% used [0x00000000eb100000,0x00000000eb100000,0x00000000eb200000)
 ParOldGen       total 79360K, used 79171K [0x00000000c0000000, 0x00000000c4d80000, 0x00000000eab00000)
  object space 79360K, 99% used [0x00000000c0000000,0x00000000c4d50c50,0x00000000c4d80000)
 Metaspace       used 58635K, committed 60032K, reserved 1114112K
  class space    used 6005K, committed 6592K, reserved 1048576K
}
Event: 101.088 GC heap before
{Heap before GC invocations=73 (full 3):
 PSYoungGen      total 5632K, used 5584K [0x00000000eab00000, 0x00000000eb200000, 0x0000000100000000)
  eden space 5120K, 100% used [0x00000000eab00000,0x00000000eb000000,0x00000000eb000000)
  from space 512K, 90% used [0x00000000eb000000,0x00000000eb074010,0x00000000eb080000)
  to   space 1024K, 0% used [0x00000000eb100000,0x00000000eb100000,0x00000000eb200000)
 ParOldGen       total 79360K, used 79171K [0x00000000c0000000, 0x00000000c4d80000, 0x00000000eab00000)
  object space 79360K, 99% used [0x00000000c0000000,0x00000000c4d50c50,0x00000000c4d80000)
 Metaspace       used 58701K, committed 60096K, reserved 1114112K
  class space    used 6005K, committed 6592K, reserved 1048576K
}
Event: 101.090 GC heap after
{Heap after GC invocations=73 (full 3):
 PSYoungGen      total 6144K, used 852K [0x00000000eab00000, 0x00000000eb200000, 0x0000000100000000)
  eden space 5120K, 0% used [0x00000000eab00000,0x00000000eab00000,0x00000000eb000000)
  from space 1024K, 83% used [0x00000000eb100000,0x00000000eb1d51e8,0x00000000eb200000)
  to   space 1024K, 0% used [0x00000000eb000000,0x00000000eb000000,0x00000000eb100000)
 ParOldGen       total 79872K, used 79565K [0x00000000c0000000, 0x00000000c4e00000, 0x00000000eab00000)
  object space 79872K, 99% used [0x00000000c0000000,0x00000000c4db3560,0x00000000c4e00000)
 Metaspace       used 58701K, committed 60096K, reserved 1114112K
  class space    used 6005K, committed 6592K, reserved 1048576K
}
Event: 101.111 GC heap before
{Heap before GC invocations=74 (full 3):
 PSYoungGen      total 6144K, used 5972K [0x00000000eab00000, 0x00000000eb200000, 0x0000000100000000)
  eden space 5120K, 100% used [0x00000000eab00000,0x00000000eb000000,0x00000000eb000000)
  from space 1024K, 83% used [0x00000000eb100000,0x00000000eb1d51e8,0x00000000eb200000)
  to   space 1024K, 0% used [0x00000000eb000000,0x00000000eb000000,0x00000000eb100000)
 ParOldGen       total 79872K, used 79565K [0x00000000c0000000, 0x00000000c4e00000, 0x00000000eab00000)
  object space 79872K, 99% used [0x00000000c0000000,0x00000000c4db3560,0x00000000c4e00000)
 Metaspace       used 58704K, committed 60096K, reserved 1114112K
  class space    used 6005K, committed 6592K, reserved 1048576K
}
Event: 101.113 GC heap after
{Heap after GC invocations=74 (full 3):
 PSYoungGen      total 6144K, used 1008K [0x00000000eab00000, 0x00000000eb300000, 0x0000000100000000)
  eden space 5120K, 0% used [0x00000000eab00000,0x00000000eab00000,0x00000000eb000000)
  from space 1024K, 98% used [0x00000000eb000000,0x00000000eb0fc298,0x00000000eb100000)
  to   space 1536K, 0% used [0x00000000eb180000,0x00000000eb180000,0x00000000eb300000)
 ParOldGen       total 80384K, used 80289K [0x00000000c0000000, 0x00000000c4e80000, 0x00000000eab00000)
  object space 80384K, 99% used [0x00000000c0000000,0x00000000c4e684b8,0x00000000c4e80000)
 Metaspace       used 58704K, committed 60096K, reserved 1114112K
  class space    used 6005K, committed 6592K, reserved 1048576K
}
Event: 101.147 GC heap before
{Heap before GC invocations=75 (full 3):
 PSYoungGen      total 6144K, used 6128K [0x00000000eab00000, 0x00000000eb300000, 0x0000000100000000)
  eden space 5120K, 100% used [0x00000000eab00000,0x00000000eb000000,0x00000000eb000000)
  from space 1024K, 98% used [0x00000000eb000000,0x00000000eb0fc298,0x00000000eb100000)
  to   space 1536K, 0% used [0x00000000eb180000,0x00000000eb180000,0x00000000eb300000)
 ParOldGen       total 80384K, used 80289K [0x00000000c0000000, 0x00000000c4e80000, 0x00000000eab00000)
  object space 80384K, 99% used [0x00000000c0000000,0x00000000c4e684b8,0x00000000c4e80000)
 Metaspace       used 58718K, committed 60096K, reserved 1114112K
  class space    used 6005K, committed 6592K, reserved 1048576K
}
Event: 101.150 GC heap after
{Heap after GC invocations=75 (full 3):
 PSYoungGen      total 6144K, used 6128K [0x00000000eab00000, 0x00000000eb300000, 0x0000000100000000)
  eden space 5120K, 100% used [0x00000000eab00000,0x00000000eb000000,0x00000000eb000000)
  from space 1024K, 98% used [0x00000000eb000000,0x00000000eb0fc298,0x00000000eb100000)
  to   space 1536K, 99% used [0x00000000eb180000,0x00000000eb2fc628,0x00000000eb300000)
 ParOldGen       total 81408K, used 81106K [0x00000000c0000000, 0x00000000c4f80000, 0x00000000eab00000)
  object space 81408K, 99% used [0x00000000c0000000,0x00000000c4f348d8,0x00000000c4f80000)
 Metaspace       used 58718K, committed 60096K, reserved 1114112K
  class space    used 6005K, committed 6592K, reserved 1048576K
}
Event: 101.150 GC heap before
{Heap before GC invocations=76 (full 4):
 PSYoungGen      total 6144K, used 6128K [0x00000000eab00000, 0x00000000eb300000, 0x0000000100000000)
  eden space 5120K, 100% used [0x00000000eab00000,0x00000000eb000000,0x00000000eb000000)
  from space 1024K, 98% used [0x00000000eb000000,0x00000000eb0fc298,0x00000000eb100000)
  to   space 1536K, 99% used [0x00000000eb180000,0x00000000eb2fc628,0x00000000eb300000)
 ParOldGen       total 81408K, used 81106K [0x00000000c0000000, 0x00000000c4f80000, 0x00000000eab00000)
  object space 81408K, 99% used [0x00000000c0000000,0x00000000c4f348d8,0x00000000c4f80000)
 Metaspace       used 58718K, committed 60096K, reserved 1114112K
  class space    used 6005K, committed 6592K, reserved 1048576K
}

Dll operation events (10 events):
Event: 0.081 Loaded shared library c:\Users\DELL\.cursor\extensions\redhat.java-1.41.0-win32-x64\jre\21.0.6-win32-x86_64\bin\java.dll
Event: 0.414 Loaded shared library c:\Users\DELL\.cursor\extensions\redhat.java-1.41.0-win32-x64\jre\21.0.6-win32-x86_64\bin\zip.dll
Event: 0.440 Loaded shared library C:\Users\DELL\.cursor\extensions\redhat.java-1.41.0-win32-x64\jre\21.0.6-win32-x86_64\bin\instrument.dll
Event: 0.448 Loaded shared library C:\Users\DELL\.cursor\extensions\redhat.java-1.41.0-win32-x64\jre\21.0.6-win32-x86_64\bin\net.dll
Event: 0.451 Loaded shared library C:\Users\DELL\.cursor\extensions\redhat.java-1.41.0-win32-x64\jre\21.0.6-win32-x86_64\bin\nio.dll
Event: 0.474 Loaded shared library C:\Users\DELL\.cursor\extensions\redhat.java-1.41.0-win32-x64\jre\21.0.6-win32-x86_64\bin\zip.dll
Event: 0.507 Loaded shared library C:\Users\DELL\.cursor\extensions\redhat.java-1.41.0-win32-x64\jre\21.0.6-win32-x86_64\bin\jimage.dll
Event: 0.656 Loaded shared library c:\Users\DELL\.cursor\extensions\redhat.java-1.41.0-win32-x64\jre\21.0.6-win32-x86_64\bin\verify.dll
Event: 15.817 Loaded shared library C:\Users\DELL\AppData\Roaming\Cursor\User\globalStorage\redhat.java\1.41.0\config_win\org.eclipse.equinox.launcher\org.eclipse.equinox.launcher.win32.win32.x86_64_1.2.1300.v20250325-0811\eclipse_11911.dll
Event: 36.875 Loaded shared library C:\Users\DELL\AppData\Local\Temp\jna--2122236705\jna1740517729405008897.dll

Deoptimization events (20 events):
Event: 100.277 Thread 0x00000255548a5dd0 Uncommon trap: trap_request=0xffffff45 fr.pc=0x0000025507fbda10 relative=0x0000000000000070
Event: 100.277 Thread 0x00000255548a5dd0 Uncommon trap: reason=unstable_if action=reinterpret pc=0x0000025507fbda10 method=org.codehaus.plexus.util.xml.pull.MXParser.isValidCodePoint(I)Z @ 3 c2
Event: 100.277 Thread 0x00000255548a5dd0 DEOPT PACKING pc=0x0000025507fbda10 sp=0x0000008c45efd380
Event: 100.278 Thread 0x00000255548a5dd0 DEOPT UNPACKING pc=0x0000025507583aa2 sp=0x0000008c45efd310 mode 2
Event: 100.346 Thread 0x00000255548a5dd0 Uncommon trap: trap_request=0xffffff45 fr.pc=0x0000025507f60cbc relative=0x00000000000003dc
Event: 100.346 Thread 0x00000255548a5dd0 Uncommon trap: reason=unstable_if action=reinterpret pc=0x0000025507f60cbc method=java.lang.CharacterDataLatin1.equalsIgnoreCase(BB)Z @ 24 c2
Event: 100.346 Thread 0x00000255548a5dd0 DEOPT PACKING pc=0x0000025507f60cbc sp=0x0000008c45efd7f0
Event: 100.346 Thread 0x00000255548a5dd0 DEOPT UNPACKING pc=0x0000025507583aa2 sp=0x0000008c45efd678 mode 2
Event: 100.346 Thread 0x00000255548a5dd0 Uncommon trap: trap_request=0xffffff3d fr.pc=0x0000025507b8cc8c relative=0x000000000000006c
Event: 100.346 Thread 0x00000255548a5dd0 Uncommon trap: reason=unstable_fused_if action=reinterpret pc=0x0000025507b8cc8c method=java.lang.CharacterDataLatin1.equalsIgnoreCase(BB)Z @ 16 c2
Event: 100.346 Thread 0x00000255548a5dd0 DEOPT PACKING pc=0x0000025507b8cc8c sp=0x0000008c45efd710
Event: 100.346 Thread 0x00000255548a5dd0 DEOPT UNPACKING pc=0x0000025507583aa2 sp=0x0000008c45efd690 mode 2
Event: 100.507 Thread 0x00000255548a6460 Uncommon trap: trap_request=0xffffff45 fr.pc=0x0000025507f32e34 relative=0x00000000000009b4
Event: 100.507 Thread 0x00000255548a6460 Uncommon trap: reason=unstable_if action=reinterpret pc=0x0000025507f32e34 method=org.eclipse.jdt.internal.core.search.indexing.BinaryIndexer.decodeReturnType([C)[C @ 359 c2
Event: 100.507 Thread 0x00000255548a6460 DEOPT PACKING pc=0x0000025507f32e34 sp=0x0000008c45dfe6b0
Event: 100.507 Thread 0x00000255548a6460 DEOPT UNPACKING pc=0x0000025507583aa2 sp=0x0000008c45dfe658 mode 2
Event: 100.507 Thread 0x00000255548a6460 Uncommon trap: trap_request=0xffffff45 fr.pc=0x0000025507c6ec74 relative=0x0000000000000894
Event: 100.507 Thread 0x00000255548a6460 Uncommon trap: reason=unstable_if action=reinterpret pc=0x0000025507c6ec74 method=org.eclipse.jdt.internal.core.search.indexing.BinaryIndexer.decodeFieldType([C)[C @ 332 c2
Event: 100.507 Thread 0x00000255548a6460 DEOPT PACKING pc=0x0000025507c6ec74 sp=0x0000008c45dfe6a0
Event: 100.507 Thread 0x00000255548a6460 DEOPT UNPACKING pc=0x0000025507583aa2 sp=0x0000008c45dfe660 mode 2

Classes loaded (20 events):
Event: 64.594 Loading class java/util/stream/IntPipeline$StatelessOp done
Event: 64.594 Loading class java/util/stream/ReferencePipeline$4 done
Event: 64.594 Loading class java/util/stream/Nodes$IntFixedNodeBuilder
Event: 64.595 Loading class java/util/stream/Node$Builder$OfInt
Event: 64.595 Loading class java/util/stream/Sink$OfInt
Event: 64.595 Loading class java/util/stream/Sink$OfInt done
Event: 64.595 Loading class java/util/stream/Node$Builder$OfInt done
Event: 64.595 Loading class java/util/stream/Nodes$IntArrayNode
Event: 64.595 Loading class java/util/stream/Nodes$IntArrayNode done
Event: 64.595 Loading class java/util/stream/Nodes$IntFixedNodeBuilder done
Event: 64.595 Loading class java/util/stream/ReferencePipeline$4$1
Event: 64.596 Loading class java/util/stream/ReferencePipeline$4$1 done
Event: 64.697 Loading class java/util/concurrent/ConcurrentHashMap$KeySpliterator
Event: 64.697 Loading class java/util/concurrent/ConcurrentHashMap$KeySpliterator done
Event: 64.837 Loading class sun/nio/ch/ChannelOutputStream
Event: 64.837 Loading class sun/nio/ch/ChannelOutputStream done
Event: 92.044 Loading class java/util/stream/IntPipeline$Head
Event: 92.044 Loading class java/util/stream/IntPipeline$Head done
Event: 92.136 Loading class java/util/stream/Streams$RangeIntSpliterator
Event: 92.136 Loading class java/util/stream/Streams$RangeIntSpliterator done

Classes unloaded (8 events):
Event: 38.352 Thread 0x000002557ab1dd80 Unloading class 0x000002551023a000 'java/lang/invoke/LambdaForm$MH+0x000002551023a000'
Event: 38.352 Thread 0x000002557ab1dd80 Unloading class 0x0000025510199400 'java/lang/invoke/LambdaForm$MH+0x0000025510199400'
Event: 38.352 Thread 0x000002557ab1dd80 Unloading class 0x0000025510199000 'java/lang/invoke/LambdaForm$MH+0x0000025510199000'
Event: 38.352 Thread 0x000002557ab1dd80 Unloading class 0x0000025510198c00 'java/lang/invoke/LambdaForm$MH+0x0000025510198c00'
Event: 38.352 Thread 0x000002557ab1dd80 Unloading class 0x0000025510198800 'java/lang/invoke/LambdaForm$MH+0x0000025510198800'
Event: 38.352 Thread 0x000002557ab1dd80 Unloading class 0x0000025510198400 'java/lang/invoke/LambdaForm$BMH+0x0000025510198400'
Event: 38.352 Thread 0x000002557ab1dd80 Unloading class 0x0000025510198000 'java/lang/invoke/LambdaForm$DMH+0x0000025510198000'
Event: 38.352 Thread 0x000002557ab1dd80 Unloading class 0x0000025510196c00 'java/lang/invoke/LambdaForm$DMH+0x0000025510196c00'

Classes redefined (0 events):
No events

Internal exceptions (20 events):
Event: 63.439 Thread 0x00000255548a5dd0 Exception <a 'java/lang/NoSuchMethodError'{0x00000000eaddf620}: 'int java.lang.invoke.DirectMethodHandle$Holder.invokeSpecialIFC(java.lang.Object, java.lang.Object, java.lang.Object)'> (0x00000000eaddf620) 
thrown [s\src\hotspot\share\interpreter\linkResolver.cpp, line 773]
Event: 64.457 Thread 0x00000255561f0970 Exception <a 'java/lang/NoSuchMethodError'{0x00000000eaea75c0}: 'void java.lang.invoke.DirectMethodHandle$Holder.invokeStatic(java.lang.Object, int, java.lang.Object)'> (0x00000000eaea75c0) 
thrown [s\src\hotspot\share\interpreter\linkResolver.cpp, line 773]
Event: 64.700 Thread 0x00000255548a5dd0 Exception <a 'java/lang/NoSuchMethodError'{0x00000000eafb7858}: 'java.lang.Object java.lang.invoke.DirectMethodHandle$Holder.newInvokeSpecial(java.lang.Object, java.lang.Object, int, int, java.lang.Object)'> (0x00000000eafb7858) 
thrown [s\src\hotspot\share\interpreter\linkResolver.cpp, line 773]
Event: 77.012 Thread 0x00000255561f0970 Implicit null exception at 0x0000025507dc004f to 0x0000025507dc0270
Event: 90.340 Thread 0x00000255561f0970 Exception <a 'java/lang/NoSuchMethodError'{0x00000000eac9e990}: 'java.lang.Object java.lang.invoke.DirectMethodHandle$Holder.newInvokeSpecial(java.lang.Object, java.lang.Object, java.lang.Object, java.lang.Object, int)'> (0x00000000eac9e990) 
thrown [s\src\hotspot\share\interpreter\linkResolver.cpp, line 773]
Event: 90.340 Thread 0x00000255561f0970 Exception <a 'java/lang/NoSuchMethodError'{0x00000000eaca2cc8}: 'java.lang.Object java.lang.invoke.DirectMethodHandle$Holder.invokeSpecial(java.lang.Object, java.lang.Object, java.lang.Object, java.lang.Object, java.lang.Object, int)'> (0x00000000eaca2cc8) 
thrown [s\src\hotspot\share\interpreter\linkResolver.cpp, line 773]
Event: 90.340 Thread 0x00000255561f0970 Exception <a 'java/lang/NoSuchMethodError'{0x00000000eaca6748}: 'java.lang.Object java.lang.invoke.Invokers$Holder.linkToTargetMethod(java.lang.Object, java.lang.Object, java.lang.Object, int, java.lang.Object)'> (0x00000000eaca6748) 
thrown [s\src\hotspot\share\interpreter\linkResolver.cpp, line 773]
Event: 90.578 Thread 0x00000255561f0970 Implicit null exception at 0x0000025507f3d0cf to 0x0000025507f3d150
Event: 90.935 Thread 0x00000255548a5dd0 Exception <a 'sun/nio/fs/WindowsException'{0x00000000eb0c79a0}> (0x00000000eb0c79a0) 
thrown [s\src\hotspot\share\prims\jni.cpp, line 520]
Event: 90.936 Thread 0x00000255555689f0 Exception <a 'sun/nio/fs/WindowsException'{0x00000000eb0cd770}> (0x00000000eb0cd770) 
thrown [s\src\hotspot\share\prims\jni.cpp, line 520]
Event: 90.937 Thread 0x00000255555689f0 Exception <a 'sun/nio/fs/WindowsException'{0x00000000eb0ce620}> (0x00000000eb0ce620) 
thrown [s\src\hotspot\share\prims\jni.cpp, line 520]
Event: 90.937 Thread 0x00000255555689f0 Exception <a 'sun/nio/fs/WindowsException'{0x00000000eb0cf528}> (0x00000000eb0cf528) 
thrown [s\src\hotspot\share\prims\jni.cpp, line 520]
Event: 91.217 Thread 0x00000255548a5dd0 Exception <a 'sun/nio/fs/WindowsException'{0x00000000eae6b718}> (0x00000000eae6b718) 
thrown [s\src\hotspot\share\prims\jni.cpp, line 520]
Event: 91.217 Thread 0x00000255548a5dd0 Exception <a 'sun/nio/fs/WindowsException'{0x00000000eae6bea8}> (0x00000000eae6bea8) 
thrown [s\src\hotspot\share\prims\jni.cpp, line 520]
Event: 91.217 Thread 0x00000255548a5dd0 Exception <a 'sun/nio/fs/WindowsException'{0x00000000eae6cbc0}> (0x00000000eae6cbc0) 
thrown [s\src\hotspot\share\prims\jni.cpp, line 520]
Event: 91.218 Thread 0x00000255548a5dd0 Exception <a 'sun/nio/fs/WindowsException'{0x00000000eae9beb8}> (0x00000000eae9beb8) 
thrown [s\src\hotspot\share\prims\jni.cpp, line 520]
Event: 92.045 Thread 0x00000255548a5dd0 Exception <a 'java/lang/NoSuchMethodError'{0x00000000eab51628}: 'void java.lang.invoke.DirectMethodHandle$Holder.invokeStatic(java.lang.Object, java.lang.Object, java.lang.Object, int)'> (0x00000000eab51628) 
thrown [s\src\hotspot\share\interpreter\linkResolver.cpp, line 773]
Event: 92.056 Thread 0x00000255548a5dd0 Exception <a 'java/lang/NoSuchMethodError'{0x00000000eab9ebe8}: 'void java.lang.invoke.DirectMethodHandle$Holder.invokeVirtual(java.lang.Object, java.lang.Object, int)'> (0x00000000eab9ebe8) 
thrown [s\src\hotspot\share\interpreter\linkResolver.cpp, line 773]
Event: 92.056 Thread 0x00000255548a5dd0 Implicit null exception at 0x0000025507e21b31 to 0x0000025507e21e30
Event: 97.085 Thread 0x00000255548a6460 Implicit null exception at 0x0000025507f4cb80 to 0x0000025507f519f4

ZGC Phase Switch (0 events):
No events

VM Operations (20 events):
Event: 100.757 Executing VM operation: ParallelGCFailedAllocation (Allocation Failure) done
Event: 100.803 Executing VM operation: ParallelGCFailedAllocation (Allocation Failure)
Event: 100.805 Executing VM operation: ParallelGCFailedAllocation (Allocation Failure) done
Event: 100.833 Executing VM operation: ParallelGCFailedAllocation (Allocation Failure)
Event: 100.835 Executing VM operation: ParallelGCFailedAllocation (Allocation Failure) done
Event: 100.861 Executing VM operation: ParallelGCFailedAllocation (Allocation Failure)
Event: 100.863 Executing VM operation: ParallelGCFailedAllocation (Allocation Failure) done
Event: 100.885 Executing VM operation: ParallelGCFailedAllocation (Allocation Failure)
Event: 100.886 Executing VM operation: ParallelGCFailedAllocation (Allocation Failure) done
Event: 100.937 Executing VM operation: ParallelGCFailedAllocation (Allocation Failure)
Event: 100.938 Executing VM operation: ParallelGCFailedAllocation (Allocation Failure) done
Event: 100.986 Executing VM operation: ParallelGCFailedAllocation (Allocation Failure)
Event: 100.988 Executing VM operation: ParallelGCFailedAllocation (Allocation Failure) done
Event: 101.054 Executing VM operation: ParallelGCFailedAllocation (Allocation Failure)
Event: 101.056 Executing VM operation: ParallelGCFailedAllocation (Allocation Failure) done
Event: 101.088 Executing VM operation: ParallelGCFailedAllocation (Allocation Failure)
Event: 101.090 Executing VM operation: ParallelGCFailedAllocation (Allocation Failure) done
Event: 101.111 Executing VM operation: ParallelGCFailedAllocation (Allocation Failure)
Event: 101.113 Executing VM operation: ParallelGCFailedAllocation (Allocation Failure) done
Event: 101.147 Executing VM operation: ParallelGCFailedAllocation (Allocation Failure)

Memory protections (0 events):
No events

Nmethod flushes (20 events):
Event: 101.203 Thread 0x000002557ab1dd80 flushing  nmethod 0x0000025501166210
Event: 101.203 Thread 0x000002557ab1dd80 flushing  nmethod 0x0000025501166590
Event: 101.203 Thread 0x000002557ab1dd80 flushing  nmethod 0x0000025501167590
Event: 101.203 Thread 0x000002557ab1dd80 flushing  nmethod 0x000002550117b610
Event: 101.203 Thread 0x000002557ab1dd80 flushing  nmethod 0x0000025501190a10
Event: 101.203 Thread 0x000002557ab1dd80 flushing  nmethod 0x00000255011a4990
Event: 101.203 Thread 0x000002557ab1dd80 flushing  nmethod 0x00000255011af490
Event: 101.203 Thread 0x000002557ab1dd80 flushing  nmethod 0x000002550121f410
Event: 101.203 Thread 0x000002557ab1dd80 flushing  nmethod 0x00000255012a1e90
Event: 101.203 Thread 0x000002557ab1dd80 flushing  nmethod 0x00000255012a2f90
Event: 101.203 Thread 0x000002557ab1dd80 flushing  nmethod 0x00000255012a3590
Event: 101.203 Thread 0x000002557ab1dd80 flushing  nmethod 0x00000255012ae010
Event: 101.203 Thread 0x000002557ab1dd80 flushing  nmethod 0x00000255012b8d10
Event: 101.203 Thread 0x000002557ab1dd80 flushing  nmethod 0x00000255012b9d90
Event: 101.203 Thread 0x000002557ab1dd80 flushing  nmethod 0x0000025501345710
Event: 101.203 Thread 0x000002557ab1dd80 flushing  nmethod 0x0000025501353110
Event: 101.203 Thread 0x000002557ab1dd80 flushing  nmethod 0x0000025501353510
Event: 101.203 Thread 0x000002557ab1dd80 flushing  nmethod 0x0000025501364790
Event: 101.203 Thread 0x000002557ab1dd80 flushing  nmethod 0x0000025501364c10
Event: 101.203 Thread 0x000002557ab1dd80 flushing  nmethod 0x000002550138a190

Events (20 events):
Event: 44.214 Thread 0x00000255548a5dd0 Thread added: 0x00000255548a50b0
Event: 44.628 Thread 0x00000255548a50b0 Thread added: 0x0000025555564ee0
Event: 44.765 Thread 0x0000025555564ee0 Thread added: 0x00000255555641c0
Event: 45.116 Thread 0x0000025575813140 Thread added: 0x0000025555565570
Event: 45.117 Thread 0x0000025575813140 Thread added: 0x000002555556b150
Event: 45.117 Thread 0x0000025575813140 Thread added: 0x000002555556b7e0
Event: 45.117 Thread 0x0000025575813140 Thread added: 0x0000025555564850
Event: 45.117 Thread 0x0000025575813140 Thread added: 0x0000025555567cd0
Event: 45.326 Thread 0x0000025575813140 Thread added: 0x0000025555569da0
Event: 45.857 Thread 0x0000025575813140 Thread added: 0x0000025555566290
Event: 45.857 Thread 0x0000025575813140 Thread added: 0x0000025555566920
Event: 51.257 Thread 0x00000255548a5dd0 Thread added: 0x0000025555566fb0
Event: 51.264 Thread 0x0000025555566fb0 Thread added: 0x0000025555567640
Event: 51.265 Thread 0x0000025555566fb0 Thread added: 0x00000255555689f0
Event: 51.266 Thread 0x0000025555566fb0 Thread added: 0x0000025555568360
Event: 53.038 Thread 0x00000255548a5dd0 Thread added: 0x0000025555569080
Event: 53.038 Thread 0x00000255548a5dd0 Thread added: 0x0000025555569710
Event: 63.844 Thread 0x00000255548a5dd0 Thread added: 0x00000255561f0970
Event: 64.701 Thread 0x00000255548a5dd0 Thread added: 0x00000255561f1000
Event: 76.974 Thread 0x00000255548a5dd0 Thread added: 0x00000255561f30d0


Dynamic libraries:
0x00007ff724ad0000 - 0x00007ff724ade000 	c:\Users\DELL\.cursor\extensions\redhat.java-1.41.0-win32-x64\jre\21.0.6-win32-x86_64\bin\java.exe
0x00007ffb2d910000 - 0x00007ffb2db08000 	C:\Windows\SYSTEM32\ntdll.dll
0x00007ffb2b960000 - 0x00007ffb2ba22000 	C:\Windows\System32\KERNEL32.DLL
0x00007ffb2b380000 - 0x00007ffb2b67e000 	C:\Windows\System32\KERNELBASE.dll
0x00007ffb27680000 - 0x00007ffb27714000 	C:\Windows\SYSTEM32\apphelp.dll
0x00007ffb2b280000 - 0x00007ffb2b380000 	C:\Windows\System32\ucrtbase.dll
0x00007ffaf5950000 - 0x00007ffaf5968000 	c:\Users\DELL\.cursor\extensions\redhat.java-1.41.0-win32-x64\jre\21.0.6-win32-x86_64\bin\jli.dll
0x00007ffb2cec0000 - 0x00007ffb2d05d000 	C:\Windows\System32\USER32.dll
0x00007ffb2b110000 - 0x00007ffb2b132000 	C:\Windows\System32\win32u.dll
0x00007ffb2ba90000 - 0x00007ffb2babb000 	C:\Windows\System32\GDI32.dll
0x00007ffb2b810000 - 0x00007ffb2b927000 	C:\Windows\System32\gdi32full.dll
0x00007ffb2b070000 - 0x00007ffb2b10d000 	C:\Windows\System32\msvcp_win.dll
0x00007ffaf55a0000 - 0x00007ffaf55be000 	c:\Users\DELL\.cursor\extensions\redhat.java-1.41.0-win32-x64\jre\21.0.6-win32-x86_64\bin\VCRUNTIME140.dll
0x00007ffb18fd0000 - 0x00007ffb1926a000 	C:\Windows\WinSxS\amd64_microsoft.windows.common-controls_6595b64144ccf1df_6.0.19041.4355_none_60b8b9eb71f62e16\COMCTL32.dll
0x00007ffb2d830000 - 0x00007ffb2d8ce000 	C:\Windows\System32\msvcrt.dll
0x00007ffb2b930000 - 0x00007ffb2b95f000 	C:\Windows\System32\IMM32.DLL
0x00007ffaf5ba0000 - 0x00007ffaf5bac000 	c:\Users\DELL\.cursor\extensions\redhat.java-1.41.0-win32-x64\jre\21.0.6-win32-x86_64\bin\vcruntime140_1.dll
0x00007ffab36d0000 - 0x00007ffab375d000 	c:\Users\DELL\.cursor\extensions\redhat.java-1.41.0-win32-x64\jre\21.0.6-win32-x86_64\bin\msvcp140.dll
0x00007ffa9f230000 - 0x00007ffa9ffc0000 	c:\Users\DELL\.cursor\extensions\redhat.java-1.41.0-win32-x64\jre\21.0.6-win32-x86_64\bin\server\jvm.dll
0x00007ffb2cb60000 - 0x00007ffb2cc11000 	C:\Windows\System32\ADVAPI32.dll
0x00007ffb2bb60000 - 0x00007ffb2bbff000 	C:\Windows\System32\sechost.dll
0x00007ffb2bea0000 - 0x00007ffb2bfc3000 	C:\Windows\System32\RPCRT4.dll
0x00007ffb2b680000 - 0x00007ffb2b6a7000 	C:\Windows\System32\bcrypt.dll
0x00007ffb2bac0000 - 0x00007ffb2bb2b000 	C:\Windows\System32\WS2_32.dll
0x00007ffb2ad60000 - 0x00007ffb2adab000 	C:\Windows\SYSTEM32\POWRPROF.dll
0x00007ffb19690000 - 0x00007ffb196b7000 	C:\Windows\SYSTEM32\WINMM.dll
0x00007ffb23c90000 - 0x00007ffb23c9a000 	C:\Windows\SYSTEM32\VERSION.dll
0x00007ffb2ad40000 - 0x00007ffb2ad52000 	C:\Windows\SYSTEM32\UMPDC.dll
0x00007ffb297d0000 - 0x00007ffb297e2000 	C:\Windows\SYSTEM32\kernel.appcore.dll
0x00007ffaf5550000 - 0x00007ffaf555a000 	c:\Users\DELL\.cursor\extensions\redhat.java-1.41.0-win32-x64\jre\21.0.6-win32-x86_64\bin\jimage.dll
0x00007ffb28bc0000 - 0x00007ffb28da4000 	C:\Windows\SYSTEM32\DBGHELP.DLL
0x00007ffb155e0000 - 0x00007ffb15614000 	C:\Windows\SYSTEM32\dbgcore.DLL
0x00007ffb2b1f0000 - 0x00007ffb2b272000 	C:\Windows\System32\bcryptPrimitives.dll
0x00007ffaf5040000 - 0x00007ffaf504f000 	c:\Users\DELL\.cursor\extensions\redhat.java-1.41.0-win32-x64\jre\21.0.6-win32-x86_64\bin\instrument.dll
0x00007ffaf3c50000 - 0x00007ffaf3c6f000 	c:\Users\DELL\.cursor\extensions\redhat.java-1.41.0-win32-x64\jre\21.0.6-win32-x86_64\bin\java.dll
0x00007ffb2c120000 - 0x00007ffb2c88d000 	C:\Windows\System32\SHELL32.dll
0x00007ffb29010000 - 0x00007ffb297b4000 	C:\Windows\SYSTEM32\windows.storage.dll
0x00007ffb2d4d0000 - 0x00007ffb2d823000 	C:\Windows\System32\combase.dll
0x00007ffb2a910000 - 0x00007ffb2a93e000 	C:\Windows\SYSTEM32\Wldp.dll
0x00007ffb2c970000 - 0x00007ffb2ca3d000 	C:\Windows\System32\OLEAUT32.dll
0x00007ffb2ce10000 - 0x00007ffb2cebd000 	C:\Windows\System32\SHCORE.dll
0x00007ffb2bc00000 - 0x00007ffb2bc55000 	C:\Windows\System32\shlwapi.dll
0x00007ffb2aee0000 - 0x00007ffb2af04000 	C:\Windows\SYSTEM32\profapi.dll
0x00007ffaf3b70000 - 0x00007ffaf3b88000 	c:\Users\DELL\.cursor\extensions\redhat.java-1.41.0-win32-x64\jre\21.0.6-win32-x86_64\bin\zip.dll
0x00007ffaf4040000 - 0x00007ffaf4050000 	C:\Users\DELL\.cursor\extensions\redhat.java-1.41.0-win32-x64\jre\21.0.6-win32-x86_64\bin\net.dll
0x00007ffb20db0000 - 0x00007ffb20ebd000 	C:\Windows\SYSTEM32\WINHTTP.dll
0x00007ffb2a670000 - 0x00007ffb2a6da000 	C:\Windows\system32\mswsock.dll
0x00007ffaf1f30000 - 0x00007ffaf1f46000 	C:\Users\DELL\.cursor\extensions\redhat.java-1.41.0-win32-x64\jre\21.0.6-win32-x86_64\bin\nio.dll
0x00007ffaf3b60000 - 0x00007ffaf3b70000 	c:\Users\DELL\.cursor\extensions\redhat.java-1.41.0-win32-x64\jre\21.0.6-win32-x86_64\bin\verify.dll
0x00007ffab6be0000 - 0x00007ffab6c25000 	C:\Users\DELL\AppData\Roaming\Cursor\User\globalStorage\redhat.java\1.41.0\config_win\org.eclipse.equinox.launcher\org.eclipse.equinox.launcher.win32.win32.x86_64_1.2.1300.v20250325-0811\eclipse_11911.dll
0x00007ffb2cc80000 - 0x00007ffb2cdab000 	C:\Windows\System32\ole32.dll
0x00007ffb2a860000 - 0x00007ffb2a878000 	C:\Windows\SYSTEM32\CRYPTSP.dll
0x00007ffb29f90000 - 0x00007ffb29fc4000 	C:\Windows\system32\rsaenh.dll
0x00007ffb2aea0000 - 0x00007ffb2aece000 	C:\Windows\SYSTEM32\USERENV.dll
0x00007ffb2a880000 - 0x00007ffb2a88c000 	C:\Windows\SYSTEM32\CRYPTBASE.dll
0x00007ffb2a350000 - 0x00007ffb2a38b000 	C:\Windows\SYSTEM32\IPHLPAPI.DLL
0x00007ffb2bb50000 - 0x00007ffb2bb58000 	C:\Windows\System32\NSI.dll
0x00007ffb03230000 - 0x00007ffb03279000 	C:\Users\DELL\AppData\Local\Temp\jna--2122236705\jna1740517729405008897.dll
0x00007ffb2bce0000 - 0x00007ffb2bce8000 	C:\Windows\System32\PSAPI.DLL
0x00007ffb20cd0000 - 0x00007ffb20ce7000 	C:\Windows\SYSTEM32\dhcpcsvc6.DLL
0x00007ffb21100000 - 0x00007ffb2111d000 	C:\Windows\SYSTEM32\dhcpcsvc.DLL

dbghelp: loaded successfully - version: 4.0.5 - missing functions: none
symbol engine: initialized successfully - sym options: 0x614 - pdb path: .;c:\Users\DELL\.cursor\extensions\redhat.java-1.41.0-win32-x64\jre\21.0.6-win32-x86_64\bin;C:\Windows\SYSTEM32;C:\Windows\WinSxS\amd64_microsoft.windows.common-controls_6595b64144ccf1df_6.0.19041.4355_none_60b8b9eb71f62e16;c:\Users\DELL\.cursor\extensions\redhat.java-1.41.0-win32-x64\jre\21.0.6-win32-x86_64\bin\server;C:\Users\DELL\AppData\Roaming\Cursor\User\globalStorage\redhat.java\1.41.0\config_win\org.eclipse.equinox.launcher\org.eclipse.equinox.launcher.win32.win32.x86_64_1.2.1300.v20250325-0811;C:\Users\DELL\AppData\Local\Temp\jna--2122236705

VM Arguments:
jvm_args: --add-modules=ALL-SYSTEM --add-opens=java.base/java.util=ALL-UNNAMED --add-opens=java.base/java.lang=ALL-UNNAMED --add-opens=java.base/sun.nio.fs=ALL-UNNAMED -Declipse.application=org.eclipse.jdt.ls.core.id1 -Dosgi.bundles.defaultStartLevel=4 -Declipse.product=org.eclipse.jdt.ls.core.product -Djava.import.generatesMetadataFilesAtProjectRoot=false -DDetectVMInstallationsJob.disabled=true -Dfile.encoding=utf8 -XX:+UseParallelGC -XX:GCTimeRatio=4 -XX:AdaptiveSizePolicyWeight=90 -Dsun.zip.disableMemoryMapping=true -Xmx1G -Xms100m -Xlog:disable -javaagent:c:\Users\DELL\.cursor\extensions\redhat.java-1.41.0-win32-x64\lombok\lombok-1.18.36.jar -XX:+HeapDumpOnOutOfMemoryError -XX:HeapDumpPath=c:\Users\DELL\AppData\Roaming\Cursor\User\workspaceStorage\0f56a0e628d18867a85e71b901bcd1b8\redhat.java -Daether.dependencyCollector.impl=bf 
java_command: c:\Users\DELL\.cursor\extensions\redhat.java-1.41.0-win32-x64\server\plugins\org.eclipse.equinox.launcher_1.6.1100.v20250306-0509.jar -configuration c:\Users\DELL\AppData\Roaming\Cursor\User\globalStorage\redhat.java\1.41.0\config_win -data c:\Users\DELL\AppData\Roaming\Cursor\User\workspaceStorage\0f56a0e628d18867a85e71b901bcd1b8\redhat.java\jdt_ws --pipe=\\.\pipe\lsp-da19c3434d186707a05ccdc503dc015f-sock
java_class_path (initial): c:\Users\DELL\.cursor\extensions\redhat.java-1.41.0-win32-x64\server\plugins\org.eclipse.equinox.launcher_1.6.1100.v20250306-0509.jar
Launcher Type: SUN_STANDARD

[Global flags]
    uintx AdaptiveSizePolicyWeight                 = 90                                        {product} {command line}
     intx CICompilerCount                          = 3                                         {product} {ergonomic}
    uintx GCTimeRatio                              = 4                                         {product} {command line}
     bool HeapDumpOnOutOfMemoryError               = true                                   {manageable} {command line}
    ccstr HeapDumpPath                             = c:\Users\DELL\AppData\Roaming\Cursor\User\workspaceStorage\0f56a0e628d18867a85e71b901bcd1b8\redhat.java         {manageable} {command line}
   size_t InitialHeapSize                          = 104857600                                 {product} {command line}
   size_t MaxHeapSize                              = 1073741824                                {product} {command line}
   size_t MaxNewSize                               = 357564416                                 {product} {ergonomic}
   size_t MinHeapDeltaBytes                        = 524288                                    {product} {ergonomic}
   size_t MinHeapSize                              = 104857600                                 {product} {command line}
   size_t NewSize                                  = 34603008                                  {product} {ergonomic}
    uintx NonNMethodCodeHeapSize                   = 5832780                                {pd product} {ergonomic}
    uintx NonProfiledCodeHeapSize                  = 122912730                              {pd product} {ergonomic}
   size_t OldSize                                  = 70254592                                  {product} {ergonomic}
    uintx ProfiledCodeHeapSize                     = 122912730                              {pd product} {ergonomic}
    uintx ReservedCodeCacheSize                    = 251658240                              {pd product} {ergonomic}
     bool SegmentedCodeCache                       = true                                      {product} {ergonomic}
   size_t SoftMaxHeapSize                          = 1073741824                             {manageable} {ergonomic}
     bool UseCompressedOops                        = true                           {product lp64_product} {ergonomic}
     bool UseLargePagesIndividualAllocation        = false                                  {pd product} {ergonomic}
     bool UseParallelGC                            = true                                      {product} {command line}

Logging:
Log output configuration:
 #0: stdout all=off uptime,level,tags foldmultilines=false
 #1: stderr all=off uptime,level,tags foldmultilines=false

Environment Variables:
JAVA_HOME=C:\Users\DELL\Documents\openjdk-23.0.1_windows-x64_bin\jdk-23.0.1
PATH=C:\Users\DELL\Documents\openjdk-23.0.1_windows-x64_bin\jdk-23.0.1\bin;C:\Hung\SDK\flutter\bin;C:\Windows\system32;C:\Windows;C:\Windows\System32\Wbem;C:\Windows\System32\WindowsPowerShell\v1.0\;C:\Windows\System32\OpenSSH\;C:\Program Files\Git\cmd;C:\Program Files (x86)\Microsoft SQL Server\160\Tools\Binn\;C:\Program Files\Microsoft SQL Server\160\Tools\Binn\;C:\Program Files\Microsoft SQL Server\Client SDK\ODBC\170\Tools\Binn\;C:\Program Files\Microsoft SQL Server\160\DTS\Binn\;C:\Program Files (x86)\Microsoft SQL Server\160\DTS\Binn\;C:\Program Files\dotnet\;D:\DevTools\Java\apache-maven-3.9.6-bin\apache-maven-3.9.6\bin;C:\Program Files\GitHub CLI\;C:\Program Files\Cloudflare\Cloudflare WARP\;C:\Program Files\Tesseract-OCR;C:\Users\DELL\AppData\Local\Pub\Cache\bin;C:\Program Files\nodejs\;C:\Users\DELL\AppData\Local\Programs\Python\Launcher\;C:\Users\DELL\Documents\openjdk-23.0.1_windows-x64_bin\jdk-23.0.1\bin;C:\Hung\SDK\flutter\bin;C:\Program Files\MySQL\MySQL Shell 8.0\bin\;C:\Users\DELL\AppData\Local\Microsoft\WindowsApps;C:\Users\DELL\AppData\Local\Programs\Microsoft VS Code\bin;C:\Users\DELL\AppData\Local\GitHubDesktop\bin;C:\Users\DELL\.cache\lm-studio\bin;C:\Users\DELL\AppData\Roaming\npm;C:\Users\DELL\AppData\Local\Programs\cursor\resources\app\bin
USERNAME=Hungvo
OS=Windows_NT
PROCESSOR_IDENTIFIER=Intel64 Family 6 Model 94 Stepping 3, GenuineIntel
TMP=C:\Users\DELL\AppData\Local\Temp
TEMP=C:\Users\DELL\AppData\Local\Temp




Periodic native trim disabled

---------------  S Y S T E M  ---------------

OS:
 Windows 10 , 64 bit Build 19041 (10.0.19041.5198)
OS uptime: 0 days 9:53 hours

CPU: total 4 (initial active 4) (4 cores per cpu, 1 threads per core) family 6 model 94 stepping 3 microcode 0xf0, cx8, cmov, fxsr, mmx, 3dnowpref, sse, sse2, sse3, ssse3, sse4.1, sse4.2, popcnt, lzcnt, tsc, tscinvbit, avx, avx2, aes, erms, clmul, bmi1, bmi2, rtm, adx, fma, vzeroupper, clflush, clflushopt, rdtscp, f16c
Processor Information for the first 4 processors :
  Max Mhz: 2601, Current Mhz: 2601, Mhz Limit: 2601

Memory: 4k page, system-wide physical 16275M (69M free)
TotalPageFile size 32275M (AvailPageFile size 4M)
current process WorkingSet (physical memory assigned to process): 294M, peak: 297M
current process commit charge ("private bytes"): 308M, peak: 912M

vm_info: OpenJDK 64-Bit Server VM (21.0.6+7-LTS) for windows-amd64 JRE (21.0.6+7-LTS), built on 2025-01-21T00:00:00Z by "admin" with MS VC++ 17.7 (VS2022)

END.
